# JRE version: OpenJDK Runtime Environment (8.0_76-b03) (build 1.8.0_76-release-b03)
# Java VM: OpenJDK 64-Bit Server VM (25.76-b03 mixed mode windows-amd64 compressed oops)
Heap:
 PSYoungGen      total 437760K, used 82195K [0x00000000e0000000, 0x00000000ffe00000, 0x0000000100000000)
  eden space 356864K, 22% used [0x00000000e0000000,0x00000000e5024ea0,0x00000000f5c80000)
  from space 80896K, 0% used [0x00000000fab00000,0x00000000fab20000,0x00000000ffa00000)
  to   space 80384K, 0% used [0x00000000f5c80000,0x00000000f5c80000,0x00000000fab00000)
 ParOldGen       total 311296K, used 210820K [0x00000000a0000000, 0x00000000b3000000, 0x00000000e0000000)
  object space 311296K, 67% used [0x00000000a0000000,0x00000000acde11e8,0x00000000b3000000)
 Metaspace       used 71533K, capacity 74766K, committed 75048K, reserved 1114112K
  class space    used 8713K, capacity 9313K, committed 9520K, reserved 1048576K
GC Heap History (10 events):
Event: 4234.226 GC heap before
{Heap before GC invocations=55 (full 11):
 PSYoungGen      total 428032K, used 47357K [0x00000000e0000000, 0x00000000ffe00000, 0x0000000100000000)
  eden space 336384K, 0% used [0x00000000e0000000,0x00000000e0246f80,0x00000000f4880000)
  from space 91648K, 49% used [0x00000000f4880000,0x00000000f74787c0,0x00000000fa200000)
  to   space 90112K, 0% used [0x00000000fa600000,0x00000000fa600000,0x00000000ffe00000)
 ParOldGen       total 311296K, used 145821K [0x00000000a0000000, 0x00000000b3000000, 0x00000000e0000000)
  object space 311296K, 46% used [0x00000000a0000000,0x00000000a8e676d8,0x00000000b3000000)
 Metaspace       used 70882K, capacity 74156K, committed 74536K, reserved 1114112K
  class space    used 8656K, capacity 9242K, committed 9520K, reserved 1048576K
Event: 4234.298 GC heap after
Heap after GC invocations=55 (full 11):
 PSYoungGen      total 431616K, used 160K [0x00000000e0000000, 0x00000000fff80000, 0x0000000100000000)
  eden space 341504K, 0% used [0x00000000e0000000,0x00000000e0000000,0x00000000f4d80000)
  from space 90112K, 0% used [0x00000000fa600000,0x00000000fa628000,0x00000000ffe00000)
  to   space 90624K, 0% used [0x00000000f4d80000,0x00000000f4d80000,0x00000000fa600000)
 ParOldGen       total 311296K, used 189224K [0x00000000a0000000, 0x00000000b3000000, 0x00000000e0000000)
  object space 311296K, 60% used [0x00000000a0000000,0x00000000ab8ca2b0,0x00000000b3000000)
 Metaspace       used 70882K, capacity 74156K, committed 74536K, reserved 1114112K
  class space    used 8656K, capacity 9242K, committed 9520K, reserved 1048576K
}
Event: 4235.734 GC heap before
{Heap before GC invocations=56 (full 11):
 PSYoungGen      total 431616K, used 341664K [0x00000000e0000000, 0x00000000fff80000, 0x0000000100000000)
  eden space 341504K, 100% used [0x00000000e0000000,0x00000000f4d80000,0x00000000f4d80000)
  from space 90112K, 0% used [0x00000000fa600000,0x00000000fa628000,0x00000000ffe00000)
  to   space 90624K, 0% used [0x00000000f4d80000,0x00000000f4d80000,0x00000000fa600000)
 ParOldGen       total 311296K, used 189224K [0x00000000a0000000, 0x00000000b3000000, 0x00000000e0000000)
  object space 311296K, 60% used [0x00000000a0000000,0x00000000ab8ca2b0,0x00000000b3000000)
 Metaspace       used 70886K, capacity 74156K, committed 74536K, reserved 1114112K
  class space    used 8656K, capacity 9242K, committed 9520K, reserved 1048576K
Event: 4235.787 GC heap after
Heap after GC invocations=56 (full 11):
 PSYoungGen      total 366080K, used 24123K [0x00000000e0000000, 0x00000000ff780000, 0x0000000100000000)
  eden space 341504K, 0% used [0x00000000e0000000,0x00000000e0000000,0x00000000f4d80000)
  from space 24576K, 98% used [0x00000000f4d80000,0x00000000f650ec10,0x00000000f6580000)
  to   space 86016K, 0% used [0x00000000fa380000,0x00000000fa380000,0x00000000ff780000)
 ParOldGen       total 311296K, used 189280K [0x00000000a0000000, 0x00000000b3000000, 0x00000000e0000000)
  object space 311296K, 60% used [0x00000000a0000000,0x00000000ab8d82b0,0x00000000b3000000)
 Metaspace       used 70886K, capacity 74156K, committed 74536K, reserved 1114112K
  class space    used 8656K, capacity 9242K, committed 9520K, reserved 1048576K
}
Event: 4237.022 GC heap before
{Heap before GC invocations=57 (full 11):
 PSYoungGen      total 366080K, used 365627K [0x00000000e0000000, 0x00000000ff780000, 0x0000000100000000)
  eden space 341504K, 100% used [0x00000000e0000000,0x00000000f4d80000,0x00000000f4d80000)
  from space 24576K, 98% used [0x00000000f4d80000,0x00000000f650ec10,0x00000000f6580000)
  to   space 86016K, 0% used [0x00000000fa380000,0x00000000fa380000,0x00000000ff780000)
 ParOldGen       total 311296K, used 189280K [0x00000000a0000000, 0x00000000b3000000, 0x00000000e0000000)
  object space 311296K, 60% used [0x00000000a0000000,0x00000000ab8d82b0,0x00000000b3000000)
 Metaspace       used 70887K, capacity 74156K, committed 74536K, reserved 1114112K
  class space    used 8656K, capacity 9242K, committed 9520K, reserved 1048576K
Event: 4237.157 GC heap after
Heap after GC invocations=57 (full 11):
 PSYoungGen      total 433664K, used 23399K [0x00000000e0000000, 0x0000000100000000, 0x0000000100000000)
  eden space 347648K, 0% used [0x00000000e0000000,0x00000000e0000000,0x00000000f5380000)
  from space 86016K, 27% used [0x00000000fa380000,0x00000000fba59f98,0x00000000ff780000)
  to   space 81920K, 0% used [0x00000000f5380000,0x00000000f5380000,0x00000000fa380000)
 ParOldGen       total 311296K, used 205241K [0x00000000a0000000, 0x00000000b3000000, 0x00000000e0000000)
  object space 311296K, 65% used [0x00000000a0000000,0x00000000ac86e4a8,0x00000000b3000000)
 Metaspace       used 70887K, capacity 74156K, committed 74536K, reserved 1114112K
  class space    used 8656K, capacity 9242K, committed 9520K, reserved 1048576K
}
Event: 4241.024 GC heap before
{Heap before GC invocations=58 (full 11):
 PSYoungGen      total 433664K, used 370277K [0x00000000e0000000, 0x0000000100000000, 0x0000000100000000)
  eden space 347648K, 99% used [0x00000000e0000000,0x00000000f52bf530,0x00000000f5380000)
  from space 86016K, 27% used [0x00000000fa380000,0x00000000fba59f98,0x00000000ff780000)
  to   space 81920K, 0% used [0x00000000f5380000,0x00000000f5380000,0x00000000fa380000)
 ParOldGen       total 311296K, used 205241K [0x00000000a0000000, 0x00000000b3000000, 0x00000000e0000000)
  object space 311296K, 65% used [0x00000000a0000000,0x00000000ac86e4a8,0x00000000b3000000)
 Metaspace       used 71505K, capacity 74742K, committed 75048K, reserved 1114112K
  class space    used 8711K, capacity 9309K, committed 9520K, reserved 1048576K
Event: 4241.044 GC heap after
Heap after GC invocations=58 (full 11):
 PSYoungGen      total 429568K, used 7265K [0x00000000e0000000, 0x00000000ffa00000, 0x0000000100000000)
  eden space 347648K, 0% used [0x00000000e0000000,0x00000000e0000000,0x00000000f5380000)
  from space 81920K, 8% used [0x00000000f5380000,0x00000000f5a987c0,0x00000000fa380000)
  to   space 80896K, 0% used [0x00000000fab00000,0x00000000fab00000,0x00000000ffa00000)
 ParOldGen       total 311296K, used 208968K [0x00000000a0000000, 0x00000000b3000000, 0x00000000e0000000)
  object space 311296K, 67% used [0x00000000a0000000,0x00000000acc122a8,0x00000000b3000000)
 Metaspace       used 71505K, capacity 74742K, committed 75048K, reserved 1114112K
  class space    used 8711K, capacity 9309K, committed 9520K, reserved 1048576K
}
Event: 4241.111 GC heap before
{Heap before GC invocations=59 (full 11):
 PSYoungGen      total 429568K, used 354835K [0x00000000e0000000, 0x00000000ffa00000, 0x0000000100000000)
  eden space 347648K, 99% used [0x00000000e0000000,0x00000000f536c5d8,0x00000000f5380000)
  from space 81920K, 8% used [0x00000000f5380000,0x00000000f5a987c0,0x00000000fa380000)
  to   space 80896K, 0% used [0x00000000fab00000,0x00000000fab00000,0x00000000ffa00000)
 ParOldGen       total 311296K, used 208968K [0x00000000a0000000, 0x00000000b3000000, 0x00000000e0000000)
  object space 311296K, 67% used [0x00000000a0000000,0x00000000acc122a8,0x00000000b3000000)
 Metaspace       used 71505K, capacity 74742K, committed 75048K, reserved 1114112K
  class space    used 8711K, capacity 9309K, committed 9520K, reserved 1048576K
Event: 4241.118 GC heap after
Heap after GC invocations=59 (full 11):
 PSYoungGen      total 437760K, used 128K [0x00000000e0000000, 0x00000000ffe00000, 0x0000000100000000)
  eden space 356864K, 0% used [0x00000000e0000000,0x00000000e0000000,0x00000000f5c80000)
  from space 80896K, 0% used [0x00000000fab00000,0x00000000fab20000,0x00000000ffa00000)
  to   space 80384K, 0% used [0x00000000f5c80000,0x00000000f5c80000,0x00000000fab00000)
 ParOldGen       total 311296K, used 210820K [0x00000000a0000000, 0x00000000b3000000, 0x00000000e0000000)
  object space 311296K, 67% used [0x00000000a0000000,0x00000000acde11e8,0x00000000b3000000)
 Metaspace       used 71505K, capacity 74742K, committed 75048K, reserved 1114112K
  class space    used 8711K, capacity 9309K, committed 9520K, reserved 1048576K
}

